id name Kifuwarabe Build.11
id author Satoshi TAKAHASHI
usiok
id name Kifuwarabe Build.11
id author Satoshi TAKAHASHI
usiok
id name Kifuwarabe Build.11
id author Satoshi TAKAHASHI
usiok
id name Kifuwarabe Build.13
id author Satoshi TAKAHASHI
usiok
id name Kifuwarabe Build.13
id author Satoshi TAKAHASHI
usiok
id name Kifuwarabe Build.14
id author Satoshi TAKAHASHI
usiok
id name Kifuwarabe Build.14
id author Satoshi TAKAHASHI
usiok
readyok
id name Kifuwarabe Build.14
id author Satoshi TAKAHASHI
usiok
readyok
id name Kifuwarabe Build.15
id author Satoshi TAKAHASHI
usiok
id name Kifuwarabe Build.16
id author Satoshi TAKAHASHI
usiok
id name Kifuwarabe Build.16
id author Satoshi TAKAHASHI
usiok
readyok
[1]
               
|         |  +----+----+----+----+----+----+----+----+----+
|         | 9|KY17|KE13|GI09|KI05|OU01|KI03|GI07|KE11|KY15|
+---+ +-+ |  +----+----+----+----+----+----+----+----+----+
    | | | | 8|    |HI21|    |    |    |    |    |KA19|    |
    | | | |  +----+----+----+----+----+----+----+----+----+
    +-+ +-+ 7|FU39|FU35|FU31|FU27|FU23|FU25|FU29|FU33|FU37|
             +----+----+----+----+----+----+----+----+----+
            6|    |    |    |    |    |    |    |    |    |
             +----+----+----+----+----+----+----+----+----+
            5|    |    |    |    |    |    |    |    |    |
             +----+----+----+----+----+----+----+----+----+
            4|    |    |    |    |    |    |    |    |    |
             +----+----+----+----+----+----+----+----+----+
            3|歩36|歩32|歩28|歩24|歩22|歩26|歩30|歩34|歩38|
             +----+----+----+----+----+----+----+----+----+
            2|    |角18|    |    |    |    |    |飛20|    |
             +----+----+----+----+----+----+----+----+----+
            1|香14|桂10|銀06|金02|王00|金04|銀08|桂12|香16|
             +----+----+----+----+----+----+----+----+----+
              1    2    3    4    5    6    7    8    9
               


bestmove 3c3d
id name Kifuwarabe Build.18
id author Satoshi TAKAHASHI
usiok
readyok
[1]
               
|         |  +----+----+----+----+----+----+----+----+----+
|         | 9|KY17|KE13|GI09|KI05|OU01|KI03|GI07|KE11|KY15|
+---+ +-+ |  +----+----+----+----+----+----+----+----+----+
    | | | | 8|    |HI21|    |    |    |    |    |KA19|    |
    | | | |  +----+----+----+----+----+----+----+----+----+
    +-+ +-+ 7|FU39|FU35|FU31|FU27|FU23|FU25|FU29|FU33|FU37|
             +----+----+----+----+----+----+----+----+----+
            6|    |    |    |    |    |    |    |    |    |
             +----+----+----+----+----+----+----+----+----+
            5|    |    |    |    |    |    |    |    |    |
             +----+----+----+----+----+----+----+----+----+
            4|    |    |    |    |    |    |    |    |    |
             +----+----+----+----+----+----+----+----+----+
            3|歩36|歩32|歩28|歩24|歩22|歩26|歩30|歩34|歩38|
             +----+----+----+----+----+----+----+----+----+
            2|    |角18|    |    |    |    |    |飛20|    |
             +----+----+----+----+----+----+----+----+----+
            1|香14|桂10|銀06|金02|王00|金04|銀08|桂12|香16|
             +----+----+----+----+----+----+----+----+----+
              1    2    3    4    5    6    7    8    9
               


info file: C:/muzudho/shogi-record/rpm-json\0-1-2-3-rpmrec.json, Phase: First.
bestmove 5i6h
[2]
               
             +----+----+----+----+----+----+----+----+----+
            9|KY17|KE13|GI09|KI05|    |KI03|GI07|KE11|KY15|
             +----+----+----+----+----+----+----+----+----+
            8|    |HI21|    |    |    |OU01|    |KA19|    |
             +----+----+----+----+----+----+----+----+----+
            7|FU39|FU35|FU31|FU27|FU23|FU25|FU29|FU33|FU37|
             +----+----+----+----+----+----+----+----+----+
            6|    |    |    |    |    |    |    |    |    |
             +----+----+----+----+----+----+----+----+----+
            5|    |    |    |    |    |    |    |    |    |
             +----+----+----+----+----+----+----+----+----+
            4|    |    |    |    |    |    |    |    |    |
             +----+----+----+----+----+----+----+----+----+      
            3|歩36|歩32|歩28|歩24|歩22|歩26|歩30|歩34|歩38| +-+ +-+
             +----+----+----+----+----+----+----+----+----+ | | | |
            2|    |角18|    |    |    |    |    |飛20|    | | | | |
             +----+----+----+----+----+----+----+----+----+ | +-+ +---+
            1|香14|桂10|銀06|金02|王00|金04|銀08|桂12|香16| |         |
             +----+----+----+----+----+----+----+----+----+ |         |
              1    2    3    4    5    6    7    8    9
               

 59 68 [1]
[2]
               
             +----+----+----+----+----+----+----+----+----+
            9|KY17|KE13|GI09|KI05|    |KI03|GI07|KE11|KY15|
             +----+----+----+----+----+----+----+----+----+
            8|    |HI21|    |    |    |OU01|    |KA19|    |
             +----+----+----+----+----+----+----+----+----+
            7|FU39|FU35|FU31|FU27|FU23|FU25|FU29|FU33|FU37|
             +----+----+----+----+----+----+----+----+----+
            6|    |    |    |    |    |    |    |    |    |
             +----+----+----+----+----+----+----+----+----+
            5|    |    |    |    |    |    |    |    |    |
             +----+----+----+----+----+----+----+----+----+
            4|    |    |    |    |    |    |    |    |    |
             +----+----+----+----+----+----+----+----+----+  歩28
            3|歩36|歩32|    |歩24|歩22|歩26|歩30|歩34|歩38| +-+ +-+
             +----+----+----+----+----+----+----+----+----+ | | | |
            2|    |角18|    |    |    |    |    |飛20|    | | | | |
             +----+----+----+----+----+----+----+----+----+ | +-+ +---+
            1|香14|桂10|銀06|金02|王00|金04|銀08|桂12|香16| |         |
             +----+----+----+----+----+----+----+----+----+ |         |
              1    2    3    4    5    6    7    8    9
               

 59 68 [1] 33
[2]
               
             +----+----+----+----+----+----+----+----+----+
            9|KY17|KE13|GI09|KI05|    |KI03|GI07|KE11|KY15|
             +----+----+----+----+----+----+----+----+----+
            8|    |HI21|    |    |    |OU01|    |KA19|    |
             +----+----+----+----+----+----+----+----+----+
            7|FU39|FU35|FU31|FU27|FU23|FU25|FU29|FU33|FU37|
             +----+----+----+----+----+----+----+----+----+
            6|    |    |    |    |    |    |    |    |    |
             +----+----+----+----+----+----+----+----+----+
            5|    |    |    |    |    |    |    |    |    |
             +----+----+----+----+----+----+----+----+----+
            4|    |    |歩28|    |    |    |    |    |    |
             +----+----+----+----+----+----+----+----+----+      
            3|歩36|歩32|    |歩24|歩22|歩26|歩30|歩34|歩38| +-+ +-+
             +----+----+----+----+----+----+----+----+----+ | | | |
            2|    |角18|    |    |    |    |    |飛20|    | | | | |
             +----+----+----+----+----+----+----+----+----+ | +-+ +---+
            1|香14|桂10|銀06|金02|王00|金04|銀08|桂12|香16| |         |
             +----+----+----+----+----+----+----+----+----+ |         |
              1    2    3    4    5    6    7    8    9
               

 59 68 [1] 33 34
[3]
               
|         |  +----+----+----+----+----+----+----+----+----+
|         | 9|KY17|KE13|GI09|KI05|    |KI03|GI07|KE11|KY15|
+---+ +-+ |  +----+----+----+----+----+----+----+----+----+
    | | | | 8|    |HI21|    |    |    |OU01|    |KA19|    |
    | | | |  +----+----+----+----+----+----+----+----+----+
    +-+ +-+ 7|FU39|FU35|FU31|FU27|FU23|FU25|FU29|FU33|FU37|
             +----+----+----+----+----+----+----+----+----+
            6|    |    |    |    |    |    |    |    |    |
             +----+----+----+----+----+----+----+----+----+
            5|    |    |    |    |    |    |    |    |    |
             +----+----+----+----+----+----+----+----+----+
            4|    |    |歩28|    |    |    |    |    |    |
             +----+----+----+----+----+----+----+----+----+
            3|歩36|歩32|    |歩24|歩22|歩26|歩30|歩34|歩38|
             +----+----+----+----+----+----+----+----+----+
            2|    |角18|    |    |    |    |    |飛20|    |
             +----+----+----+----+----+----+----+----+----+
            1|香14|桂10|銀06|金02|王00|金04|銀08|桂12|香16|
             +----+----+----+----+----+----+----+----+----+
              1    2    3    4    5    6    7    8    9
               

 59 68 [1] 33 34 [2]
[3]
               
|         |  +----+----+----+----+----+----+----+----+----+
|         | 9|KY17|KE13|GI09|KI05|    |KI03|GI07|KE11|KY15|
+---+ +-+ |  +----+----+----+----+----+----+----+----+----+
    | | | | 8|    |HI21|    |    |    |OU01|    |KA19|    |
    | | | |  +----+----+----+----+----+----+----+----+----+
    +-+ +-+ 7|FU39|FU35|FU31|FU27|FU23|FU25|FU29|FU33|FU37|
             +----+----+----+----+----+----+----+----+----+
            6|    |    |    |    |    |    |    |    |    |
             +----+----+----+----+----+----+----+----+----+
            5|    |    |    |    |    |    |    |    |    |
             +----+----+----+----+----+----+----+----+----+
            4|    |    |歩28|    |    |    |    |    |    |
             +----+----+----+----+----+----+----+----+----+
            3|歩36|歩32|    |歩24|歩22|歩26|歩30|歩34|歩38|
             +----+----+----+----+----+----+----+----+----+
            2|    |角18|    |    |    |    |    |飛20|    |
             +----+----+----+----+----+----+----+----+----+
            1|香14|桂10|銀06|金02|王00|金04|銀08|桂12|香16|
             +----+----+----+----+----+----+----+----+----+
              1    2    3    4    5    6    7    8    9
               

 59 68 [1] 33 34 [2]
info file: C:/muzudho/shogi-record/rpm-json\0-1-2-3-rpmrec.json, Phase: First.
bestmove 6i7h
[4]
               
             +----+----+----+----+----+----+----+----+----+
            9|KY17|KE13|GI09|KI05|    |    |GI07|KE11|KY15|
             +----+----+----+----+----+----+----+----+----+
            8|    |HI21|    |    |    |OU01|KI03|KA19|    |
             +----+----+----+----+----+----+----+----+----+
            7|FU39|FU35|FU31|FU27|FU23|FU25|FU29|FU33|FU37|
             +----+----+----+----+----+----+----+----+----+
            6|    |    |    |    |    |    |    |    |    |
             +----+----+----+----+----+----+----+----+----+
            5|    |    |    |    |    |    |    |    |    |
             +----+----+----+----+----+----+----+----+----+
            4|    |    |歩28|    |    |    |    |    |    |
             +----+----+----+----+----+----+----+----+----+      
            3|歩36|歩32|    |歩24|歩22|歩26|歩30|歩34|歩38| +-+ +-+
             +----+----+----+----+----+----+----+----+----+ | | | |
            2|    |角18|    |    |    |    |    |飛20|    | | | | |
             +----+----+----+----+----+----+----+----+----+ | +-+ +---+
            1|香14|桂10|銀06|金02|王00|金04|銀08|桂12|香16| |         |
             +----+----+----+----+----+----+----+----+----+ |         |
              1    2    3    4    5    6    7    8    9
               

 59 68 [1] 33 34 [2] 69 78 [3]
id name Kifuwarabe Build.18
id author Satoshi TAKAHASHI
usiok
#Write tape box to 'C:/muzudho/shogi-record/recording\16553454771762520493-432960532671791371-11729958138765870713-17272125292067525846.rbox'...
#Write tape box to 'C:/muzudho/shogi-record/recording\18370809601134736360-4879507550744939207-3321426111289755488-5261849795502218813.rbox'...
